The HCMV genome (NC_006273.2) has 169 CDS.
Sample	Condition	Min TPM	Median TPM	Mean TPM	Max TPM
SRR5660030_sample	2dpi	0.0	1877.01	5917.1601786982255	76933.3
SRR5660033_sample	6dpi	0.0	1980.99	5917.1598857988165	177497.0
SRR5660044_sample	2dpi	0.0	1906.83	5917.161822485207	222794.0
SRR5660045_sample	6dpi	0.0	1087.21	5917.163998816567	400458.0
target_id	test_stat	pval	qval
YP_081530.1	15.1793495744618	9.77667579815603e-05	0.008416695201684
YP_081547.1	15.0290239040048	0.0001058703798953	0.008416695201684
YP_081552.1	14.0644068170814	0.0001766553724572	0.0093627347402367
YP_081551.1	12.4653534207486	0.0004145700735026	0.0164791604217311
YP_081577.1	11.8474954422521	0.0005773894932762	0.0176780827638727
YP_081489.1	11.5787506470706	0.0006670974627876	0.0176780827638727
YP_081574.1	11.0341336172115	0.0008944947027973	0.018779406038213
YP_081521.1	10.8637485389882	0.0009806499669533	0.018779406038213
YP_081576.1	10.714511405403	0.001062985247446	0.018779406038213
YP_081490.1	10.2058327778214	0.0013999715910755	0.0222595482981004
YP_081522.1	9.39336357285332	0.002177722961776	0.031477995538399
YP_081561.1	8.95071799498783	0.0027736055052364	0.0367502729443823
YP_081613.1	8.62847181982163	0.0033094908728503	0.0404776191371701
YP_081600.1	8.39486730593993	0.0037628197924088	0.042734881928072
YP_081520.1	8.24736528032804	0.0040811194350643	0.0432598660116819
YP_081533.1	8.03338764990763	0.0045922869895229	0.0456358519583844
YP_081601.1	7.86874282184583	0.0050296609393083	0.0470421229029432
YP_081595.1	7.68055224934831	0.0055819083413545	0.0493068570152982
Donor 1 (2dpi) had 2259287 read pairs before Bowtie2 filtering and 1562296 read pairs after.
Donor 1 (6dpi) had 2004530 read pairs before Bowtie2 filtering and 1249472 read pairs after.
Donor 3 (2dpi) had 2730258 read pairs before Bowtie2 filtering and 1922300 read pairs after.
Donor 3 (6dpi) had 2476889 read pairs before Bowtie2 filtering and 1274769 read pairs after.
spades.py -k 77 -t 2 --only-assembler -1 patient1_ids_aligned.1.fastq -2 patient1_ids_aligned.2.fastq -o patient1_ids_assembly/
spades.py -k 77 -t 2 --only-assembler -1 patient2_ids_aligned.1.fastq -2 patient2_ids_aligned.2.fastq -o patient2_ids_assembly/
Donor 1:
qseqid	sacc	pident	length	qstart	qend	sstart	send	bitscore	evalue	stitle
NODE_1_length_6868_cov_287.853188	NC_006273.2	99.374	6868	1	6868	131117	124250	12445.0	0.0	NC_006273.2 Human herpesvirus 5 strain Merlin, complete genome
NODE_1_length_6868_cov_287.853188	NC_003521.1	83.327	2831	1147	3972	130007	127219	2569.0	0.0	NC_003521.1 Panine herpesvirus 2 strain Heberling, complete genome
NODE_1_length_6868_cov_287.853188	NC_075417.1	74.642	2516	1497	3982	105410	107896	1057.0	0.0	NC_075417.1 Mandrillus leucophaeus cytomegalovirus isolate OCOM6-2, complete genome
NODE_1_length_6868_cov_287.853188	NC_033176.1	74.26	2467	1509	3952	118190	115749	994.0	0.0	NC_033176.1 Cynomolgus cytomegalovirus isolate 31908, complete genome
NODE_1_length_6868_cov_287.853188	NC_006150.1	74.153	2449	1509	3935	119468	117042	976.0	0.0	NC_006150.1 Macacine herpesvirus 3, complete genome
NODE_1_length_6868_cov_287.853188	NC_012783.2	74.112	2507	1503	3977	118447	115975	974.0	0.0	NC_012783.2 Cercopithecine herpesvirus 5 strain 2715, complete genome
NODE_1_length_6868_cov_287.853188	NC_016154.1	73.878	2450	1509	3935	113198	110772	937.0	0.0	NC_016154.1 Cynomolgus macaque cytomegalovirus strain Ottawa, complete genome
NODE_1_length_6868_cov_287.853188	NC_027016.1	75.57	921	5810	6718	110858	111763	429.0	1.91e-119	NC_027016.1 Papio ursinus cytomegalovirus isolate OCOM4-52, complete genome
NODE_1_length_6868_cov_287.853188	NC_055235.1	78.202	367	6357	6717	100663	101018	219.0	4.5e-56	NC_055235.1 Papiine betaherpesvirus 3, complete genome, *** SEQUENCING IN PROGRESS ***, 22 unordered pieces
NODE_1_length_6868_cov_287.853188	NC_002512.2	89.796	49	2844	2892	114217	114170	62.1	8.02e-09	NC_002512.2 Rat cytomegalovirus Maastricht, complete genome

Donor 3:
qseqid	sacc	pident	length	qstart	qend	sstart	send	bitscore	evalue	stitle
NODE_1_length_3266_cov_476.238006	NC_006273.2	99.296	3267	1	3266	70915	67649	5904	0.0	NC_006273.2 Human herpesvirus 5 strain Merlin, complete genome
