The HCMV genome (NC_006273.2) has 169 CDS.
Sample	Condition	Min TPM	Median TPM	Mean TPM	Max TPM
SRR5660030_sample	2dpi	0.0	1877.01	5917.1601786982255	76933.3
SRR5660033_sample	6dpi	0.0	1980.99	5917.1598857988165	177497.0
SRR5660044_sample	2dpi	0.0	1906.83	5917.161822485207	222794.0
SRR5660045_sample	6dpi	0.0	1087.21	5917.163998816567	400458.0
target_id	test_stat	pval	qval
YP_081530.1	15.1793495744618	9.77667579815603e-05	0.008416695201684
YP_081547.1	15.0290239040048	0.0001058703798953	0.008416695201684
YP_081552.1	14.0644068170814	0.0001766553724572	0.0093627347402367
YP_081551.1	12.4653534207486	0.0004145700735026	0.0164791604217311
YP_081577.1	11.8474954422521	0.0005773894932762	0.0176780827638727
YP_081489.1	11.5787506470706	0.0006670974627876	0.0176780827638727
YP_081574.1	11.0341336172115	0.0008944947027973	0.018779406038213
YP_081521.1	10.8637485389882	0.0009806499669533	0.018779406038213
YP_081576.1	10.714511405403	0.001062985247446	0.018779406038213
YP_081490.1	10.2058327778214	0.0013999715910755	0.0222595482981004
YP_081522.1	9.39336357285332	0.002177722961776	0.031477995538399
YP_081561.1	8.95071799498783	0.0027736055052364	0.0367502729443823
YP_081613.1	8.62847181982163	0.0033094908728503	0.0404776191371701
YP_081600.1	8.39486730593993	0.0037628197924088	0.042734881928072
YP_081520.1	8.24736528032804	0.0040811194350643	0.0432598660116819
YP_081533.1	8.03338764990763	0.0045922869895229	0.0456358519583844
YP_081601.1	7.86874282184583	0.0050296609393083	0.0470421229029432
YP_081595.1	7.68055224934831	0.0055819083413545	0.0493068570152982
Donor 1 (2dpi) had 2259287 read pairs before Bowtie2 filtering and 1562296 read pairs after.
Donor 1 (6dpi) had 2004530 read pairs before Bowtie2 filtering and 1249472 read pairs after.
Donor 3 (2dpi) had 2730258 read pairs before Bowtie2 filtering and 1922300 read pairs after.
Donor 3 (6dpi) had 2476889 read pairs before Bowtie2 filtering and 1274769 read pairs after.
spades.py -k 77 -t 2 --only-assembler -o Donor1_assembly         --pe1-1 bowtie2_results/SRR5660030_sample_aligned.1.fastq --pe1-2 bowtie2_results/SRR5660030_sample_aligned.2.fastq         --pe2-1 bowtie2_results/SRR5660033_sample_aligned.1.fastq --pe2-2 bowtie2_results/SRR5660033_sample_aligned.2.fastq
spades.py -k 77 -t 2 --only-assembler -o Donor3_assembly         --pe1-1 bowtie2_results/SRR5660044_sample_aligned.1.fastq --pe1-2 bowtie2_results/SRR5660044_sample_aligned.2.fastq         --pe2-1 bowtie2_results/SRR5660045_sample_aligned.1.fastq --pe2-2 bowtie2_results/SRR5660045_sample_aligned.2.fastq
Donor 1:
sacc	pident	length	qstart	qend	sstart	send	bitscore	evalue	stitle
EF999921.1	99.954	4366	1	4365	99996	104361	8050	0.0	EF999921.1 Human herpesvirus 5 strain TB40/E clone TB40-BAC4, complete sequence
KF297339.1	99.954	4366	1	4365	67955	72320	8050	0.0	KF297339.1 Human herpesvirus 5 strain TB40/E clone Lisa, complete genome
MT070140.1	99.954	4366	1	4365	67726	72091	8050	0.0	MT070140.1 UNVERIFIED: Human betaherpesvirus 5 isolate P10, complete genome
MT044484.1	99.954	4366	1	4365	67307	71672	8050	0.0	MT044484.1 Human betaherpesvirus 5 strain HAN-SOT4, complete genome
MW439039.1	99.954	4366	1	4365	67354	71719	8050	0.0	MW439039.1 Human betaherpesvirus 5 strain TB40/EE, complete genome
MW439038.1	99.954	4366	1	4365	67354	71719	8050	0.0	MW439038.1 Human betaherpesvirus 5 strain TB40/EF, complete genome
KT726951.2	99.931	4366	1	4365	67446	71811	8045	0.0	KT726951.2 Human betaherpesvirus 5 strain UK/Lon8/Urine/2012, complete genome
KX544839.1	99.885	4366	1	4365	99977	104339	8032	0.0	KX544839.1 Human betaherpesvirus 5 isolate TB40-E_UNC, complete genome
KP745647.1	99.863	4366	1	4365	67574	71939	8028	0.0	KP745647.1 Human herpesvirus 5 strain BE/18/2010, complete genome
KT726954.2	99.863	4366	1	4365	67473	71838	8028	0.0	KT726954.2 Human betaherpesvirus 5 strain UK/Lon4/Bile/2011, partial genome

Donor 3:
sacc	pident	length	qstart	qend	sstart	send	bitscore	evalue	stitle
EF999921.1	100.0	38244	1	38244	84082	122325	70624	0.0	EF999921.1 Human herpesvirus 5 strain TB40/E clone TB40-BAC4, complete sequence
KF297339.1	100.0	38244	1	38244	52041	90284	70624	0.0	KF297339.1 Human herpesvirus 5 strain TB40/E clone Lisa, complete genome
MT070140.1	100.0	38244	1	38244	51812	90055	70624	0.0	MT070140.1 UNVERIFIED: Human betaherpesvirus 5 isolate P10, complete genome
MW439039.1	100.0	38244	1	38244	51440	89683	70624	0.0	MW439039.1 Human betaherpesvirus 5 strain TB40/EE, complete genome
MW439038.1	100.0	38244	1	38244	51440	89683	70624	0.0	MW439038.1 Human betaherpesvirus 5 strain TB40/EF, complete genome
KX544839.1	99.974	38244	1	38244	84065	122300	70561	0.0	KX544839.1 Human betaherpesvirus 5 isolate TB40-E_UNC, complete genome
MT044484.1	99.958	38244	1	38244	51393	89632	70532	0.0	MT044484.1 Human betaherpesvirus 5 strain HAN-SOT4, complete genome
KJ361955.1	99.692	38253	1	38244	51346	89597	69978	0.0	KJ361955.1 Human herpesvirus 5 strain HAN33, complete genome
KJ361947.1	99.446	38253	1	38244	51689	89932	69449	0.0	KJ361947.1 Human herpesvirus 5 strain 2CEN5, complete genome
KP745718.1	99.373	38251	1	38244	51286	89519	69285	0.0	KP745718.1 Human herpesvirus 5 strain CZ/1/2011, complete genome

